<?xml version="1.0" encoding="UTF-8"?>
<!-- Generated by org.testng.reporters.JUnitReportReporter -->
<testsuite skipped="1" hostname="DESKTOP-AMU0KRC" name="Testng.testng4" tests="4" failures="0" timestamp="2019-12-20T11:32:45 IST" time="0.016" errors="0">
  <testcase name="chromelogincarloan" time="0.013" classname="Testng.testng4"/>
  <testcase name="APIlogincarloan" time="0.002" classname="Testng.testng4"/>
  <testcase name="Weblogincarloan" time="0.001" classname="Testng.testng4"/>
  <testcase name="mobilelogincarloan" classname="Testng.testng4">
    <skipped/>
  </testcase> <!-- mobilelogincarloan -->
</testsuite> <!-- Testng.testng4 -->
