<?xml version="1.0" encoding="UTF-8"?>
<!-- Generated by org.testng.reporters.JUnitReportReporter -->
<testsuite skipped="0" hostname="DESKTOP-AMU0KRC" name="Testng.testng2" tests="2" failures="0" timestamp="2019-12-20T11:32:45 IST" time="0.005" errors="0">
  <testcase name="demo2" time="0.003" classname="Testng.testng2"/>
  <testcase name="smoke2" time="0.002" classname="Testng.testng2"/>
</testsuite> <!-- Testng.testng2 -->
