<?xml version="1.0" encoding="UTF-8"?>
<!-- Generated by org.testng.reporters.JUnitReportReporter -->
<testsuite skipped="0" hostname="DESKTOP-AMU0KRC" name="Testng.testng1" tests="3" failures="0" timestamp="2019-12-20T11:32:45 IST" time="0.013" errors="0">
  <testcase name="Demo" time="0.007" classname="Testng.testng1"/>
  <testcase name="smoketest" time="0.004" classname="Testng.testng1"/>
  <testcase name="secondtest" time="0.002" classname="Testng.testng1"/>
</testsuite> <!-- Testng.testng1 -->
