<?xml version="1.0" encoding="UTF-8"?>
<!-- Generated by org.testng.reporters.JUnitReportReporter -->
<testsuite skipped="0" hostname="DESKTOP-AMU0KRC" name="Testng.testng3" tests="5" failures="0" timestamp="2019-12-20T11:32:45 IST" time="0.015" errors="0">
  <testcase name="Mobilesignouthomeloan" time="0.004" classname="Testng.testng3"/>
  <testcase name="Mobileloginhomeloan" time="0.004" classname="Testng.testng3"/>
  <testcase name="APIloginpersonalloan" time="0.001" classname="Testng.testng3"/>
  <testcase name="smoke3" time="0.004" classname="Testng.testng3"/>
  <testcase name="Weblogincarloan" time="0.002" classname="Testng.testng3"/>
</testsuite> <!-- Testng.testng3 -->
